TN:
SF:C:/Users/Andrew/Documents/mTransit_Ionic/mTransit/src/mocks.ts
FN:8,(anonymous_0)
FN:10,(anonymous_1)
FN:15,(anonymous_2)
FN:16,(anonymous_3)
FN:24,(anonymous_4)
FN:26,(anonymous_5)
FN:33,(anonymous_6)
FN:37,(anonymous_7)
FN:41,(anonymous_8)
FN:45,(anonymous_9)
FN:51,(anonymous_10)
FN:58,(anonymous_11)
FN:59,(anonymous_12)
FN:64,(anonymous_13)
FN:65,(anonymous_14)
FN:70,(anonymous_15)
FN:78,(anonymous_16)
FN:82,(anonymous_17)
FN:88,(anonymous_18)
FN:89,(anonymous_19)
FN:94,(anonymous_20)
FN:95,(anonymous_21)
FN:98,(anonymous_22)
FN:102,(anonymous_23)
FN:106,(anonymous_24)
FN:110,(anonymous_25)
FN:119,(anonymous_26)
FN:123,(anonymous_27)
FN:124,(anonymous_28)
FN:127,(anonymous_29)
FN:131,(anonymous_30)
FN:135,(anonymous_31)
FN:139,(anonymous_32)
FN:143,(anonymous_33)
FN:150,(anonymous_34)
FN:151,(anonymous_35)
FN:156,(anonymous_36)
FN:157,(anonymous_37)
FN:162,(anonymous_38)
FN:163,(anonymous_39)
FN:168,(anonymous_40)
FN:169,(anonymous_41)
FN:180,(anonymous_42)
FN:181,(anonymous_43)
FN:189,(anonymous_44)
FNF:45
FNH:10
FNDA:0,(anonymous_0)
FNDA:0,(anonymous_1)
FNDA:0,(anonymous_2)
FNDA:0,(anonymous_3)
FNDA:0,(anonymous_4)
FNDA:0,(anonymous_5)
FNDA:13,(anonymous_6)
FNDA:3,(anonymous_7)
FNDA:3,(anonymous_8)
FNDA:0,(anonymous_9)
FNDA:0,(anonymous_10)
FNDA:0,(anonymous_11)
FNDA:0,(anonymous_12)
FNDA:0,(anonymous_13)
FNDA:0,(anonymous_14)
FNDA:0,(anonymous_15)
FNDA:0,(anonymous_16)
FNDA:0,(anonymous_17)
FNDA:1,(anonymous_18)
FNDA:1,(anonymous_19)
FNDA:1,(anonymous_20)
FNDA:0,(anonymous_21)
FNDA:0,(anonymous_22)
FNDA:2,(anonymous_23)
FNDA:0,(anonymous_24)
FNDA:0,(anonymous_25)
FNDA:0,(anonymous_26)
FNDA:3,(anonymous_27)
FNDA:0,(anonymous_28)
FNDA:1,(anonymous_29)
FNDA:1,(anonymous_30)
FNDA:0,(anonymous_31)
FNDA:0,(anonymous_32)
FNDA:0,(anonymous_33)
FNDA:0,(anonymous_34)
FNDA:0,(anonymous_35)
FNDA:0,(anonymous_36)
FNDA:0,(anonymous_37)
FNDA:0,(anonymous_38)
FNDA:0,(anonymous_39)
FNDA:0,(anonymous_40)
FNDA:0,(anonymous_41)
FNDA:0,(anonymous_42)
FNDA:0,(anonymous_43)
FNDA:0,(anonymous_44)
DA:6,1
DA:9,0
DA:10,0
DA:11,0
DA:16,0
DA:17,0
DA:22,1
DA:25,0
DA:26,0
DA:27,0
DA:31,1
DA:34,13
DA:38,3
DA:42,3
DA:46,0
DA:50,1
DA:52,0
DA:56,1
DA:59,0
DA:60,0
DA:65,0
DA:66,0
DA:71,0
DA:79,0
DA:83,0
DA:87,1
DA:89,1
DA:90,1
DA:95,1
DA:99,0
DA:103,2
DA:107,0
DA:111,0
DA:120,0
DA:124,3
DA:128,1
DA:132,1
DA:136,0
DA:144,0
DA:148,1
DA:151,0
DA:152,0
DA:157,0
DA:158,0
DA:163,0
DA:164,0
DA:169,0
DA:170,0
DA:179,1
DA:181,0
DA:182,0
DA:187,1
DA:190,0
LF:53
LH:19
BRF:0
BRH:0
end_of_record
TN:
SF:C:/Users/Andrew/Documents/mTransit_Ionic/mTransit/src/polyfills.ts
FNF:0
FNH:0
DA:46,1
DA:47,1
DA:58,1
LF:3
LH:3
BRF:0
BRH:0
end_of_record
TN:
SF:C:/Users/Andrew/Documents/mTransit_Ionic/mTransit/src/test.ts
FN:24,(anonymous_0)
FN:42,(anonymous_1)
FN:44,(anonymous_2)
FN:53,(anonymous_3)
FN:74,(anonymous_4)
FNF:5
FNH:4
FNDA:1,(anonymous_0)
FNDA:1,(anonymous_1)
FNDA:1,(anonymous_2)
FNDA:1,(anonymous_3)
FNDA:0,(anonymous_4)
DA:3,1
DA:4,1
DA:5,1
DA:6,1
DA:7,1
DA:8,1
DA:10,1
DA:11,1
DA:12,1
DA:13,1
DA:14,1
DA:15,1
DA:16,1
DA:24,1
DA:29,1
DA:34,1
DA:36,1
DA:38,1
DA:40,1
DA:43,1
DA:45,1
DA:46,1
DA:54,1
DA:75,0
DA:76,0
DA:78,0
DA:79,0
DA:80,0
LF:28
LH:23
BRDA:75,0,0,0
BRDA:75,0,1,0
BRF:2
BRH:0
end_of_record
TN:
SF:C:/Users/Andrew/Documents/mTransit_Ionic/mTransit/src/app/app.component.ts
FN:16,(anonymous_2)
FN:28,(anonymous_3)
FNF:2
FNH:0
FNDA:0,(anonymous_2)
FNDA:0,(anonymous_3)
DA:1,1
DA:2,1
DA:3,1
DA:4,1
DA:6,1
DA:8,1
DA:10,1
DA:13,1
DA:14,0
DA:17,0
DA:18,0
DA:26,0
DA:28,0
DA:29,0
DA:30,0
LF:15
LH:8
BRF:0
BRH:0
end_of_record
TN:
SF:C:/Users/Andrew/Documents/mTransit_Ionic/mTransit/src/pages/driver-login/driver-login.ts
FN:18,(anonymous_2)
FN:20,(anonymous_3)
FN:25,(anonymous_4)
FNF:3
FNH:0
FNDA:0,(anonymous_2)
FNDA:0,(anonymous_3)
FNDA:0,(anonymous_4)
DA:1,1
DA:2,1
DA:3,1
DA:11,1
DA:16,1
DA:18,0
DA:21,0
DA:26,0
LF:8
LH:5
BRF:0
BRH:0
end_of_record
TN:
SF:C:/Users/Andrew/Documents/mTransit_Ionic/mTransit/src/pages/home/home.ts
FN:17,(anonymous_2)
FN:20,(anonymous_3)
FN:21,(anonymous_4)
FN:26,(anonymous_5)
FN:31,(anonymous_6)
FN:36,(anonymous_7)
FN:41,(anonymous_8)
FN:46,(anonymous_9)
FN:51,(anonymous_10)
FN:54,(anonymous_11)
FN:58,(anonymous_12)
FNF:11
FNH:1
FNDA:1,(anonymous_2)
FNDA:0,(anonymous_3)
FNDA:0,(anonymous_4)
FNDA:0,(anonymous_5)
FNDA:0,(anonymous_6)
FNDA:0,(anonymous_7)
FNDA:0,(anonymous_8)
FNDA:0,(anonymous_9)
FNDA:0,(anonymous_10)
FNDA:0,(anonymous_11)
FNDA:0,(anonymous_12)
DA:1,1
DA:2,1
DA:3,1
DA:4,1
DA:5,1
DA:6,1
DA:7,1
DA:8,1
DA:9,1
DA:11,1
DA:15,1
DA:17,1
DA:21,0
DA:22,0
DA:25,0
DA:27,0
DA:28,0
DA:32,0
DA:33,0
DA:36,0
DA:42,0
DA:47,0
DA:52,0
DA:55,0
DA:59,0
DA:60,0
DA:62,0
LF:27
LH:12
BRDA:59,0,0,0
BRDA:59,0,1,0
BRF:2
BRH:0
end_of_record
TN:
SF:C:/Users/Andrew/Documents/mTransit_Ionic/mTransit/src/pages/map/map.ts
FN:23,(anonymous_2)
FN:24,(anonymous_3)
FN:29,(anonymous_4)
FN:33,(anonymous_5)
FN:35,(anonymous_6)
FN:60,(anonymous_7)
FN:63,(anonymous_8)
FNF:7
FNH:3
FNDA:1,(anonymous_2)
FNDA:1,(anonymous_3)
FNDA:0,(anonymous_4)
FNDA:1,(anonymous_5)
FNDA:0,(anonymous_6)
FNDA:0,(anonymous_7)
FNDA:0,(anonymous_8)
DA:1,1
DA:3,1
DA:4,1
DA:5,1
DA:15,1
DA:19,1
DA:23,1
DA:24,1
DA:25,1
DA:30,0
DA:35,1
DA:36,0
DA:38,0
DA:60,0
DA:61,0
DA:64,0
LF:16
LH:10
BRF:0
BRH:0
end_of_record
TN:
SF:C:/Users/Andrew/Documents/mTransit_Ionic/mTransit/src/pages/rating-page/rating-page.ts
FN:20,(anonymous_2)
FN:22,(anonymous_3)
FN:26,(anonymous_4)
FNF:3
FNH:0
FNDA:0,(anonymous_2)
FNDA:0,(anonymous_3)
FNDA:0,(anonymous_4)
DA:1,1
DA:2,1
DA:11,1
DA:15,1
DA:20,0
DA:27,0
DA:28,0
DA:29,0
LF:8
LH:4
BRDA:27,0,0,0
BRDA:27,0,1,0
BRF:2
BRH:0
end_of_record
TN:
SF:C:/Users/Andrew/Documents/mTransit_Ionic/mTransit/src/pages/sms/sms.ts
FN:19,(anonymous_2)
FN:21,(anonymous_3)
FN:31,(anonymous_4)
FN:34,(anonymous_5)
FN:39,(anonymous_6)
FNF:5
FNH:0
FNDA:0,(anonymous_2)
FNDA:0,(anonymous_3)
FNDA:0,(anonymous_4)
FNDA:0,(anonymous_5)
FNDA:0,(anonymous_6)
DA:1,1
DA:2,1
DA:3,1
DA:5,1
DA:12,1
DA:17,1
DA:19,0
DA:22,0
DA:29,0
DA:30,0
DA:35,0
DA:40,0
LF:12
LH:6
BRF:0
BRH:0
end_of_record
TN:
SF:C:/Users/Andrew/Documents/mTransit_Ionic/mTransit/src/pages/sms-code/sms-code.ts
FN:17,(anonymous_2)
FN:19,(anonymous_3)
FN:28,(anonymous_4)
FN:32,(anonymous_5)
FNF:4
FNH:0
FNDA:0,(anonymous_2)
FNDA:0,(anonymous_3)
FNDA:0,(anonymous_4)
FNDA:0,(anonymous_5)
DA:1,1
DA:2,1
DA:3,1
DA:11,1
DA:15,1
DA:17,0
DA:29,0
DA:33,0
LF:8
LH:5
BRF:0
BRH:0
end_of_record
